{
  level: 'promise',
  message: 'unhandledRejection: Error: Oops reject!',
  timestamp: '2020-04-12T00:56:43.407Z'
}
{
  level: 'promise',
  message: 'unhandledRejection: Error: Oops reject!',
  timestamp: '2020-04-12T00:57:05.950Z'
}
{
  level: 'promise',
  message: "{'unhandledRejection:' Error: Oops reject!",
  timestamp: '2020-04-12T00:57:40.903Z'
}
{
  level: 'promise',
  message: "{'unhandledRejection:' Error: Oops reject!}",
  timestamp: '2020-04-12T00:57:41.686Z'
}
{
  level: 'promise',
  message: "{'unhandledRejection:' Error: Oops reject!}, {origin: [object Promise]}",
  timestamp: '2020-04-12T00:58:02.983Z'
}
{
  level: 'promise',
  message: "{'unhandledRejection:' Error: Oops reject!},\n     {origin: {}}",
  timestamp: '2020-04-12T00:59:34.800Z'
}
{
  level: 'promise',
  message: "{'unhandledRejection:' Error: Oops reject!},\n    {origin: {}}",
  timestamp: '2020-04-12T01:00:22.674Z'
}
{
  level: 'promise',
  message: "{'unhandledRejection:' Error: Oops reject!},{origin: {}}",
  timestamp: '2020-04-12T01:00:25.540Z'
}
{
  level: 'promise',
  message: "{'unhandledRejection:' Error: Oops reject!},{origin: {}}",
  timestamp: '2020-04-12T01:00:38.752Z'
}
{
  level: 'promise',
  message: "{'unhandledRejection:' Error: Oops reject!},{origin: {}}",
  timestamp: '2020-04-12T01:00:39.364Z'
}
{
  level: 'promise',
  message: "{'unhandledRejection:' Error: Oops reject!},{origin: {}}",
  timestamp: '2020-04-12T01:00:49.622Z'
}
{
  level: 'promise',
  message: "{'unhandledRejection:' Error: Oops reject!}, origin: {}}",
  timestamp: '2020-04-12T01:01:14.833Z'
}
{
  level: 'promise',
  message: "{'unhandledRejection:' Error: Oops reject!, origin: {}}",
  timestamp: '2020-04-12T01:01:16.799Z'
}
{
  level: 'promise',
  message: "'unhandledRejection:' Error: Oops reject!, origin: {}}",
  timestamp: '2020-04-12T01:01:23.946Z'
}
{
  level: 'promise',
  message: "'unhandledRejection:' Error: Oops reject!, origin: {}}",
  timestamp: '2020-04-12T01:01:25.270Z'
}
{
  level: 'promise',
  message: "unhandledRejection:' Error: Oops reject!, origin: {}}",
  timestamp: '2020-04-12T01:01:43.304Z'
}
{
  level: 'promise',
  message: 'unhandledRejection: Error: Oops reject!, origin: {}}',
  timestamp: '2020-04-12T01:01:45.536Z'
}
{
  level: 'promise',
  message: 'unhandledRejection: Error: Oops reject!, origin: {}}',
  timestamp: '2020-04-12T01:01:56.927Z'
}
{
  level: 'promise',
  message: 'unhandledRejection: ReferenceError: response is not defined, origin: {}}',
  timestamp: '2020-04-12T14:53:36.465Z'
}
{
  level: 'promise',
  message: 'unhandledRejection: ReferenceError: response is not defined, origin: {}}',
  timestamp: '2020-04-12T14:53:41.457Z'
}
{
  level: 'promise',
  message: 'unhandledRejection: ReferenceError: response is not defined, origin: {}}',
  timestamp: '2020-04-12T14:53:46.464Z'
}
{ level: 'error', timestamp: '2020-04-12T16:49:37.391Z' }
{ message: {}, level: 'error', timestamp: '2020-04-12T16:51:12.880Z' }
{
  message: 'kkkk',
  level: 'error',
  timestamp: '2020-04-12T16:51:18.971Z'
}
{
  message: 'Error status: undefined, Error text: undefined',
  level: 'error',
  timestamp: '2020-04-12T16:52:28.761Z'
}
{
  message: { ErrorStatus: undefined, Trace: undefined },
  level: 'error',
  timestamp: '2020-04-12T16:54:19.774Z'
}
{
  message: { ErrorStatus: undefined, Trace: undefined },
  level: 'error',
  timestamp: '2020-04-12T16:54:44.542Z'
}
{
  message: { ErrorStatus: undefined, Trace: undefined },
  level: 'error',
  timestamp: '2020-04-12T16:54:56.982Z'
}
{
  message: {
    ErrorStatus: undefined,
    Trace: 'Error: hahaha\n' +
      '    at E:\\RS-SHOOL\\node-course-2020\\src\\resources\\users\\user.router.js:10:11\n' +
      '    at E:\\RS-SHOOL\\node-course-2020\\src\\utils\\errorHandlerWrapper.js:3:5\n' +
      '    at Layer.handle [as handle_request] (E:\\RS-SHOOL\\node-course-2020\\node_modules\\express\\lib\\router\\layer.js:95:5)\n' +
      '    at next (E:\\RS-SHOOL\\node-course-2020\\node_modules\\express\\lib\\router\\route.js:137:13)\n' +
      '    at Route.dispatch (E:\\RS-SHOOL\\node-course-2020\\node_modules\\express\\lib\\router\\route.js:112:3)\n' +
      '    at Layer.handle [as handle_request] (E:\\RS-SHOOL\\node-course-2020\\node_modules\\express\\lib\\router\\layer.js:95:5)\n' +
      '    at E:\\RS-SHOOL\\node-course-2020\\node_modules\\express\\lib\\router\\index.js:281:22\n' +
      '    at Function.process_params (E:\\RS-SHOOL\\node-course-2020\\node_modules\\express\\lib\\router\\index.js:335:12)\n' +
      '    at next (E:\\RS-SHOOL\\node-course-2020\\node_modules\\express\\lib\\router\\index.js:275:10)\n' +
      '    at Function.handle (E:\\RS-SHOOL\\node-course-2020\\node_modules\\express\\lib\\router\\index.js:174:3)'
  },
  level: 'error',
  timestamp: '2020-04-12T16:55:20.250Z'
}
{
  message: 'Error: hahaha\n' +
    '    at E:\\RS-SHOOL\\node-course-2020\\src\\resources\\users\\user.router.js:10:11\n' +
    '    at E:\\RS-SHOOL\\node-course-2020\\src\\utils\\errorHandlerWrapper.js:3:5\n' +
    '    at Layer.handle [as handle_request] (E:\\RS-SHOOL\\node-course-2020\\node_modules\\express\\lib\\router\\layer.js:95:5)\n' +
    '    at next (E:\\RS-SHOOL\\node-course-2020\\node_modules\\express\\lib\\router\\route.js:137:13)\n' +
    '    at Route.dispatch (E:\\RS-SHOOL\\node-course-2020\\node_modules\\express\\lib\\router\\route.js:112:3)\n' +
    '    at Layer.handle [as handle_request] (E:\\RS-SHOOL\\node-course-2020\\node_modules\\express\\lib\\router\\layer.js:95:5)\n' +
    '    at E:\\RS-SHOOL\\node-course-2020\\node_modules\\express\\lib\\router\\index.js:281:22\n' +
    '    at Function.process_params (E:\\RS-SHOOL\\node-course-2020\\node_modules\\express\\lib\\router\\index.js:335:12)\n' +
    '    at next (E:\\RS-SHOOL\\node-course-2020\\node_modules\\express\\lib\\router\\index.js:275:10)\n' +
    '    at Function.handle (E:\\RS-SHOOL\\node-course-2020\\node_modules\\express\\lib\\router\\index.js:174:3)',
  level: 'error',
  timestamp: '2020-04-12T16:55:44.053Z'
}
{
  message: {
    stack: 'Error: hahaha\n' +
      '    at E:\\RS-SHOOL\\node-course-2020\\src\\resources\\users\\user.router.js:10:11\n' +
      '    at E:\\RS-SHOOL\\node-course-2020\\src\\utils\\errorHandlerWrapper.js:3:5\n' +
      '    at Layer.handle [as handle_request] (E:\\RS-SHOOL\\node-course-2020\\node_modules\\express\\lib\\router\\layer.js:95:5)\n' +
      '    at next (E:\\RS-SHOOL\\node-course-2020\\node_modules\\express\\lib\\router\\route.js:137:13)\n' +
      '    at Route.dispatch (E:\\RS-SHOOL\\node-course-2020\\node_modules\\express\\lib\\router\\route.js:112:3)\n' +
      '    at Layer.handle [as handle_request] (E:\\RS-SHOOL\\node-course-2020\\node_modules\\express\\lib\\router\\layer.js:95:5)\n' +
      '    at E:\\RS-SHOOL\\node-course-2020\\node_modules\\express\\lib\\router\\index.js:281:22\n' +
      '    at Function.process_params (E:\\RS-SHOOL\\node-course-2020\\node_modules\\express\\lib\\router\\index.js:335:12)\n' +
      '    at next (E:\\RS-SHOOL\\node-course-2020\\node_modules\\express\\lib\\router\\index.js:275:10)\n' +
      '    at Function.handle (E:\\RS-SHOOL\\node-course-2020\\node_modules\\express\\lib\\router\\index.js:174:3)'
  },
  level: 'error',
  timestamp: '2020-04-12T16:56:37.096Z'
}
{
  message: {
    stack: 'Error: hahaha\n' +
      '    at E:\\RS-SHOOL\\node-course-2020\\src\\resources\\users\\user.router.js:10:11\n' +
      '    at E:\\RS-SHOOL\\node-course-2020\\src\\utils\\errorHandlerWrapper.js:3:5\n' +
      '    at Layer.handle [as handle_request] (E:\\RS-SHOOL\\node-course-2020\\node_modules\\express\\lib\\router\\layer.js:95:5)\n' +
      '    at next (E:\\RS-SHOOL\\node-course-2020\\node_modules\\express\\lib\\router\\route.js:137:13)\n' +
      '    at Route.dispatch (E:\\RS-SHOOL\\node-course-2020\\node_modules\\express\\lib\\router\\route.js:112:3)\n' +
      '    at Layer.handle [as handle_request] (E:\\RS-SHOOL\\node-course-2020\\node_modules\\express\\lib\\router\\layer.js:95:5)\n' +
      '    at E:\\RS-SHOOL\\node-course-2020\\node_modules\\express\\lib\\router\\index.js:281:22\n' +
      '    at Function.process_params (E:\\RS-SHOOL\\node-course-2020\\node_modules\\express\\lib\\router\\index.js:335:12)\n' +
      '    at next (E:\\RS-SHOOL\\node-course-2020\\node_modules\\express\\lib\\router\\index.js:275:10)\n' +
      '    at Function.handle (E:\\RS-SHOOL\\node-course-2020\\node_modules\\express\\lib\\router\\index.js:174:3)'
  },
  level: 'error',
  timestamp: '2020-04-12T16:57:22.143Z'
}
